[00:11:28] [Server thread/INFO]: Luis512MC issued server command: /realregions
[00:20:57] [epollEventLoopGroup-4-2/INFO]: [Geyser-Spigot] Player connected with username Dayanefer188
[00:20:57] [localSession-7-2/INFO]: [Geyser-Spigot] Dayanefer188 (logged in as: Dayanefer188) has connected to the Java server
[00:20:58] [Server thread/INFO]: [floodgate] Floodgate player logged in as .Dayanefer188 joined (UUID: 00000000-0000-0000-0009-01f0a3137115)
[00:20:58] [Server thread/INFO]: .Dayanefer188 joined the game
[00:20:58] [Server thread/INFO]: .Dayanefer188[/127.0.0.1:0] logged in with entity id 14176 at ([world]22.6123, 63.0, 102.64516)
[00:21:05] [Async Chat Thread - #0/INFO]: [Not Secure] <Luis512MC> voy
[00:22:04] [Server thread/INFO]: .Dayanefer188 has made the advancement [Acquire Hardware]
[00:22:14] [Async Chat Thread - #0/INFO]: [Not Secure] <Luis512MC> ay juemadre
[00:22:29] [Async Chat Thread - #0/INFO]: [Not Secure] <.Dayanefer188> juemadre
[00:22:34] [Async Chat Thread - #0/INFO]: [Not Secure] <Luis512MC> no tengo piedra
[00:22:35] [Async Chat Thread - #0/INFO]: [Not Secure] <Luis512MC> nada
[00:22:45] [Async Chat Thread - #1/INFO]: [Not Secure] <Luis512MC> a que clan te quieres unir?
[00:22:54] [Async Chat Thread - #1/INFO]: [Not Secure] <.Dayanefer188> mmm
[00:22:58] [Async Chat Thread - #1/INFO]: [Not Secure] <Luis512MC> o quieres solitaria?
[00:23:17] [Async Chat Thread - #1/INFO]: [Not Secure] <.Dayanefer188> al del jorge
[00:23:28] [Async Chat Thread - #1/INFO]: [Not Secure] <.Dayanefer188> voa.valer
[00:23:56] [Async Chat Thread - #1/INFO]: [Not Secure] <Luis512MC> sube
[00:24:04] [Async Chat Thread - #1/INFO]: [Not Secure] <Luis512MC> xd
[00:24:16] [Async Chat Thread - #1/INFO]: [Not Secure] <Luis512MC> no subes?
[00:24:23] [Async Chat Thread - #1/INFO]: [Not Secure] <.Dayanefer188> maldito Internet de mrd
[00:24:27] [Async Chat Thread - #1/INFO]: [Not Secure] <Luis512MC> xd
[00:24:33] [Async Chat Thread - #1/INFO]: [Not Secure] <Luis512MC> no es shifteando
[00:24:39] [Async Chat Thread - #1/INFO]: [Not Secure] <Luis512MC> dale click al bote
[00:24:47] [Async Chat Thread - #1/INFO]: [Not Secure] <Luis512MC> pero sostenido
[00:24:53] [Async Chat Thread - #1/INFO]: [Not Secure] <Luis512MC> eso
[00:25:54] [Async Chat Thread - #2/INFO]: [Not Secure] <Luis512MC> xd
[00:26:31] [Async Chat Thread - #3/INFO]: [Not Secure] <Luis512MC> ves esa torre?
[00:26:45] [Async Chat Thread - #3/INFO]: [Not Secure] <.Dayanefer188> no
[00:26:55] [Async Chat Thread - #3/INFO]: [Not Secure] <Luis512MC> esa de alla
[00:27:20] [Async Chat Thread - #3/INFO]: [Not Secure] <Luis512MC> Ahi fue una minibase
[00:27:25] [Async Chat Thread - #3/INFO]: [Not Secure] <Luis512MC> de mauri y yo
[00:27:26] [Async Chat Thread - #3/INFO]: [Not Secure] <.Dayanefer188> ns ando con bug
[00:27:30] [Async Chat Thread - #3/INFO]: [Not Secure] <Luis512MC> xd
[00:28:05] [Async Chat Thread - #3/INFO]: [Not Secure] <Luis512MC> perdon
[00:28:39] [Async Chat Thread - #3/INFO]: [Not Secure] <.Dayanefer188> qpd con mi minecraft
[00:28:55] [Async Chat Thread - #3/INFO]: [Not Secure] <Luis512MC> no se
[00:29:11] [Async Chat Thread - #3/INFO]: [Not Secure] <Luis512MC> tienes controles para correr creo
[00:29:21] [Async Chat Thread - #2/INFO]: [Not Secure] <Luis512MC> es el nuevo maincra y sus controles en celular
[00:30:04] [Async Chat Thread - #2/INFO]: [Not Secure] <.Dayanefer188> juemadre desapareces
[00:30:30] [Async Chat Thread - #2/INFO]: [Not Secure] <Luis512MC> xd
[00:30:38] [Async Chat Thread - #3/INFO]: [Not Secure] <Luis512MC> una flor para otra flor
[00:30:46] [Async Chat Thread - #3/INFO]: [Not Secure] <.Dayanefer188> juemadre
[00:30:56] [Async Chat Thread - #3/INFO]: [Not Secure] <Luis512MC> tienes los chunks muy bajos
[00:31:03] [Async Chat Thread - #3/INFO]: [Not Secure] <Luis512MC> tal vez por eso no ves a lo lejos
[00:31:14] [Async Chat Thread - #3/INFO]: [Not Secure] <.Dayanefer188> mmm
[00:31:25] [Async Chat Thread - #3/INFO]: [Not Secure] <.Dayanefer188> que cmb entons
[00:31:33] [Async Chat Thread - #3/INFO]: [Not Secure] <Luis512MC> te estoy esperando
[00:31:38] [Async Chat Thread - #3/INFO]: [Not Secure] <Luis512MC> para que subas a mi moto
[00:31:41] [Async Chat Thread - #3/INFO]: [Not Secure] <Luis512MC> *bote
